  TriggerArbitraryWrite.cpp
d:\vs_code\hevd\triggerarbitrarywrite\triggerarbitrarywrite\triggerarbitrarywrite.cpp(40): warning C4200: 使用了非标准扩展: 结构/联合中的零大小数组
  d:\vs_code\hevd\triggerarbitrarywrite\triggerarbitrarywrite\triggerarbitrarywrite.cpp(40): note: 默认构造函数或 copy/move 赋值运算符将忽略此成员
d:\vs_code\hevd\triggerarbitrarywrite\triggerarbitrarywrite\triggerarbitrarywrite.cpp(51): error C4235: 使用了非标准扩展: 不支持在此结构上使用“__asm”关键字
d:\vs_code\hevd\triggerarbitrarywrite\triggerarbitrarywrite\triggerarbitrarywrite.cpp(52): error C2065: “pushad”: 未声明的标识符
d:\vs_code\hevd\triggerarbitrarywrite\triggerarbitrarywrite\triggerarbitrarywrite.cpp(52): error C2065: “保存寄存器”: 未声明的标识符
d:\vs_code\hevd\triggerarbitrarywrite\triggerarbitrarywrite\triggerarbitrarywrite.cpp(54): error C2146: 语法错误: 缺少“;”(在标识符“xor”的前面)
d:\vs_code\hevd\triggerarbitrarywrite\triggerarbitrarywrite\triggerarbitrarywrite.cpp(54): error C2065: “xor”: 未声明的标识符
d:\vs_code\hevd\triggerarbitrarywrite\triggerarbitrarywrite\triggerarbitrarywrite.cpp(54): error C2146: 语法错误: 缺少“;”(在标识符“eax”的前面)
d:\vs_code\hevd\triggerarbitrarywrite\triggerarbitrarywrite\triggerarbitrarywrite.cpp(54): error C2065: “eax”: 未声明的标识符
d:\vs_code\hevd\triggerarbitrarywrite\triggerarbitrarywrite\triggerarbitrarywrite.cpp(54): error C2065: “eax置零”: 未声明的标识符
d:\vs_code\hevd\triggerarbitrarywrite\triggerarbitrarywrite\triggerarbitrarywrite.cpp(55): error C2146: 语法错误: 缺少“;”(在标识符“mov”的前面)
d:\vs_code\hevd\triggerarbitrarywrite\triggerarbitrarywrite\triggerarbitrarywrite.cpp(55): error C2065: “mov”: 未声明的标识符
d:\vs_code\hevd\triggerarbitrarywrite\triggerarbitrarywrite\triggerarbitrarywrite.cpp(55): error C2146: 语法错误: 缺少“;”(在标识符“eax”的前面)
d:\vs_code\hevd\triggerarbitrarywrite\triggerarbitrarywrite\triggerarbitrarywrite.cpp(55): error C2065: “eax”: 未声明的标识符
d:\vs_code\hevd\triggerarbitrarywrite\triggerarbitrarywrite\triggerarbitrarywrite.cpp(55): error C2065: “fs”: 未声明的标识符
d:\vs_code\hevd\triggerarbitrarywrite\triggerarbitrarywrite\triggerarbitrarywrite.cpp(55): error C2143: 语法错误: 缺少“;”(在“:”的前面)
d:\vs_code\hevd\triggerarbitrarywrite\triggerarbitrarywrite\triggerarbitrarywrite.cpp(55): error C2059: 语法错误:“:”
d:\vs_code\hevd\triggerarbitrarywrite\triggerarbitrarywrite\triggerarbitrarywrite.cpp(55): error C2065: “获取”: 未声明的标识符
d:\vs_code\hevd\triggerarbitrarywrite\triggerarbitrarywrite\triggerarbitrarywrite.cpp(55): error C2146: 语法错误: 缺少“;”(在标识符“nt”的前面)
d:\vs_code\hevd\triggerarbitrarywrite\triggerarbitrarywrite\triggerarbitrarywrite.cpp(55): error C2065: “nt”: 未声明的标识符
d:\vs_code\hevd\triggerarbitrarywrite\triggerarbitrarywrite\triggerarbitrarywrite.cpp(55): error C2143: 语法错误: 缺少“;”(在“!”的前面)
d:\vs_code\hevd\triggerarbitrarywrite\triggerarbitrarywrite\triggerarbitrarywrite.cpp(55): error C2065: “_KPCR”: 未声明的标识符
d:\vs_code\hevd\triggerarbitrarywrite\triggerarbitrarywrite\triggerarbitrarywrite.cpp(56): error C2146: 语法错误: 缺少“;”(在标识符“mov”的前面)
d:\vs_code\hevd\triggerarbitrarywrite\triggerarbitrarywrite\triggerarbitrarywrite.cpp(56): error C2065: “mov”: 未声明的标识符
d:\vs_code\hevd\triggerarbitrarywrite\triggerarbitrarywrite\triggerarbitrarywrite.cpp(56): error C2146: 语法错误: 缺少“;”(在标识符“eax”的前面)
d:\vs_code\hevd\triggerarbitrarywrite\triggerarbitrarywrite\triggerarbitrarywrite.cpp(56): error C2065: “eax”: 未声明的标识符
d:\vs_code\hevd\triggerarbitrarywrite\triggerarbitrarywrite\triggerarbitrarywrite.cpp(56): error C2143: 语法错误: 缺少“]”(在“+”的前面)
d:\vs_code\hevd\triggerarbitrarywrite\triggerarbitrarywrite\triggerarbitrarywrite.cpp(56): error C3481: “eax”: 未找到 lambda 捕获变量
d:\vs_code\hevd\triggerarbitrarywrite\triggerarbitrarywrite\triggerarbitrarywrite.cpp(56): error C3260: “+”: 跳过 lambda 主体之前的意外标记
d:\vs_code\hevd\triggerarbitrarywrite\triggerarbitrarywrite\triggerarbitrarywrite.cpp(61): error C2041: 非法的数字“8”(用于基“2”)
d:\vs_code\hevd\triggerarbitrarywrite\triggerarbitrarywrite\triggerarbitrarywrite.cpp(62): error C2041: 非法的数字“8”(用于基“2”)
d:\vs_code\hevd\triggerarbitrarywrite\triggerarbitrarywrite\triggerarbitrarywrite.cpp(63): error C2041: 非法的数字“4”(用于基“2”)
d:\vs_code\hevd\triggerarbitrarywrite\triggerarbitrarywrite\triggerarbitrarywrite.cpp(133): warning C4018: “<”: 有符号/无符号不匹配
d:\vs_code\hevd\triggerarbitrarywrite\triggerarbitrarywrite\triggerarbitrarywrite.cpp(149): warning C4311: “类型强制转换”: 从“FARPROC”到“DWORD”的指针截断
d:\vs_code\hevd\triggerarbitrarywrite\triggerarbitrarywrite\triggerarbitrarywrite.cpp(149): warning C4302: “类型强制转换”: 从“FARPROC”到“DWORD”截断
d:\vs_code\hevd\triggerarbitrarywrite\triggerarbitrarywrite\triggerarbitrarywrite.cpp(151): warning C4311: “类型强制转换”: 从“PVOID”到“INT”的指针截断
d:\vs_code\hevd\triggerarbitrarywrite\triggerarbitrarywrite\triggerarbitrarywrite.cpp(151): warning C4302: “类型强制转换”: 从“PVOID”到“INT”截断
d:\vs_code\hevd\triggerarbitrarywrite\triggerarbitrarywrite\triggerarbitrarywrite.cpp(151): warning C4311: “类型强制转换”: 从“HMODULE”到“INT”的指针截断
d:\vs_code\hevd\triggerarbitrarywrite\triggerarbitrarywrite\triggerarbitrarywrite.cpp(151): warning C4302: “类型强制转换”: 从“HMODULE”到“INT”截断
d:\vs_code\hevd\triggerarbitrarywrite\triggerarbitrarywrite\triggerarbitrarywrite.cpp(153): warning C4477: “printf”: 格式字符串“%p”需要类型“void *”的参数，但可变参数 1 拥有了类型“DWORD”
d:\vs_code\hevd\triggerarbitrarywrite\triggerarbitrarywrite\triggerarbitrarywrite.cpp(153): warning C4313: “printf”: 格式字符串中的“%p”与“DWORD”类型的参数 1 冲突
d:\vs_code\hevd\triggerarbitrarywrite\triggerarbitrarywrite\triggerarbitrarywrite.cpp(165): warning C4477: “printf”: 格式字符串“%p”需要类型“void *”的参数，但可变参数 1 拥有了类型“DWORD”
d:\vs_code\hevd\triggerarbitrarywrite\triggerarbitrarywrite\triggerarbitrarywrite.cpp(165): warning C4313: “printf”: 格式字符串中的“%p”与“DWORD”类型的参数 1 冲突
d:\vs_code\hevd\triggerarbitrarywrite\triggerarbitrarywrite\triggerarbitrarywrite.cpp(166): warning C4312: “类型强制转换”: 从“DWORD”转换到更大的“PVOID”
d:\vs_code\hevd\triggerarbitrarywrite\triggerarbitrarywrite\triggerarbitrarywrite.cpp(181): error C2065: “argv”: 未声明的标识符
d:\vs_code\hevd\triggerarbitrarywrite\triggerarbitrarywrite\triggerarbitrarywrite.cpp(188): error C2065: “argv”: 未声明的标识符
d:\vs_code\hevd\triggerarbitrarywrite\triggerarbitrarywrite\triggerarbitrarywrite.cpp(188): error C2660: “CreateProcessA”: 函数不接受 9 个参数
  c:\program files (x86)\windows kits\10\include\10.0.17763.0\um\processthreadsapi.h(361): note: 参见“CreateProcessA”的声明
d:\vs_code\hevd\triggerarbitrarywrite\triggerarbitrarywrite\triggerarbitrarywrite.cpp(194): fatal error C1004: 发现意外的文件尾
