  Assembling Token.asm...
Token.asm(1): error A2013: .MODEL must precede this directive
Token.asm(2): error A2013: .MODEL must precede this directive
Token.asm(3): error A2034: must be in segment block : func
Token.asm(4): error A2034: must be in segment block
Token.asm(5): error A2034: must be in segment block
Token.asm(6): error A2034: must be in segment block
Token.asm(7): error A2034: must be in segment block
Token.asm(8): error A2034: must be in segment block
Token.asm(9): error A2034: must be in segment block
Token.asm(10): error A2034: must be in segment block
Token.asm(11): error A2034: must be in segment block
Token.asm(12): error A2034: must be in segment block
Token.asm(13): error A2034: must be in segment block
Token.asm(14): error A2034: must be in segment block
Token.asm(15): error A2034: must be in segment block
Token.asm(16): error A2034: must be in segment block
Token.asm(17): error A2034: must be in segment block
Token.asm(20): error A2034: must be in segment block
Token.asm(21): error A2034: must be in segment block
Token.asm(22): error A2034: must be in segment block
Token.asm(23): error A2034: must be in segment block
Token.asm(24): error A2034: must be in segment block
Token.asm(25): error A2034: must be in segment block
Token.asm(26): error A2034: must be in segment block
Token.asm(27): error A2034: must be in segment block
Token.asm(28): error A2034: must be in segment block
Token.asm(29): error A2034: must be in segment block
Token.asm(33): error A2034: must be in segment block
Token.asm(34): error A2034: must be in segment block
Token.asm(35): error A2034: must be in segment block
Token.asm(36): error A2034: must be in segment block
Token.asm(37): error A2034: must be in segment block
Token.asm(38): error A2034: must be in segment block
Token.asm(39): error A2034: must be in segment block
Token.asm(40): error A2034: must be in segment block
Token.asm(41): error A2034: must be in segment block
Token.asm(45): error A2034: must be in segment block
Token.asm(46): error A2034: must be in segment block
Token.asm(47): error A2034: must be in segment block
Token.asm(48): error A2034: must be in segment block
Token.asm(49): fatal error A1010: unmatched block nesting : func
C:\Program Files (x86)\Microsoft Visual Studio\2017\Community\Common7\IDE\VC\VCTargets\BuildCustomizations\masm.targets(69,5): error MSB3721: 命令“ml.exe /c /nologo /Zi /Fo"Release\Token.obj" /W3 /errorReport:prompt  /TaToken.asm”已退出，返回代码为 1。
